<?xml version="1.0" encoding="UTF-8"?>
<!-- Generated by org.testng.reporters.JUnitXMLReporter -->
<testsuite hostname="BOG07PROHL03793" name="Command line test" tests="7" failures="7" timestamp="29 Mar 2019 23:40:09 GMT" time="0.004" errors="0">
  <testcase name="validateAMEXSecurityCode2Test" time="0.0" classname="com.pagosonline.ccutils.validators.CreditCardSecurityCodeValidatorTest">
    <failure type="java.lang.NoClassDefFoundError" message="Could not initialize class com.pagosonline.ccutils.validators.CreditCardValidator">
      <![CDATA[java.lang.NoClassDefFoundError: Could not initialize class com.pagosonline.ccutils.validators.CreditCardValidator
	at com.pagosonline.ccutils.validators.CreditCardSecurityCodeValidatorTest.validateAMEXSecurityCode2Test(CreditCardSecurityCodeValidatorTest.java:49)
	at org.infinitest.testrunner.testng.TestNgRunner.runTest(TestNgRunner.java:82)
	at org.infinitest.testrunner.DefaultRunner.runTest(DefaultRunner.java:60)
	at org.infinitest.testrunner.TestRunnerProcess.runTest(TestRunnerProcess.java:70)
	at org.infinitest.testrunner.TestRunnerProcess.writeTestResultToOutputStream(TestRunnerProcess.java:112)
	at org.infinitest.testrunner.TestRunnerProcess.main(TestRunnerProcess.java:89)
... Removed 21 stack frames]]>
    </failure>
  </testcase> <!-- validateAMEXSecurityCode2Test -->
  <testcase name="validateAMEXSecurityCode3DigitsPeTest" time="0.0" classname="com.pagosonline.ccutils.validators.CreditCardSecurityCodeValidatorTest">
    <failure type="java.lang.NoClassDefFoundError" message="Could not initialize class com.pagosonline.ccutils.validators.CreditCardValidator">
      <![CDATA[java.lang.NoClassDefFoundError: Could not initialize class com.pagosonline.ccutils.validators.CreditCardValidator
	at com.pagosonline.ccutils.validators.CreditCardSecurityCodeValidatorTest.validateAMEXSecurityCode3DigitsPeTest(CreditCardSecurityCodeValidatorTest.java:93)
	at org.infinitest.testrunner.testng.TestNgRunner.runTest(TestNgRunner.java:82)
	at org.infinitest.testrunner.DefaultRunner.runTest(DefaultRunner.java:60)
	at org.infinitest.testrunner.TestRunnerProcess.runTest(TestRunnerProcess.java:70)
	at org.infinitest.testrunner.TestRunnerProcess.writeTestResultToOutputStream(TestRunnerProcess.java:112)
	at org.infinitest.testrunner.TestRunnerProcess.main(TestRunnerProcess.java:89)
... Removed 21 stack frames]]>
    </failure>
  </testcase> <!-- validateAMEXSecurityCode3DigitsPeTest -->
  <testcase name="validateAMEXSecurityCode3Test" time="0.0" classname="com.pagosonline.ccutils.validators.CreditCardSecurityCodeValidatorTest">
    <failure type="java.lang.NoClassDefFoundError" message="Could not initialize class com.pagosonline.ccutils.validators.CreditCardValidator">
      <![CDATA[java.lang.NoClassDefFoundError: Could not initialize class com.pagosonline.ccutils.validators.CreditCardValidator
	at com.pagosonline.ccutils.validators.CreditCardSecurityCodeValidatorTest.validateAMEXSecurityCode3Test(CreditCardSecurityCodeValidatorTest.java:60)
	at org.infinitest.testrunner.testng.TestNgRunner.runTest(TestNgRunner.java:82)
	at org.infinitest.testrunner.DefaultRunner.runTest(DefaultRunner.java:60)
	at org.infinitest.testrunner.TestRunnerProcess.runTest(TestRunnerProcess.java:70)
	at org.infinitest.testrunner.TestRunnerProcess.writeTestResultToOutputStream(TestRunnerProcess.java:112)
	at org.infinitest.testrunner.TestRunnerProcess.main(TestRunnerProcess.java:89)
... Removed 21 stack frames]]>
    </failure>
  </testcase> <!-- validateAMEXSecurityCode3Test -->
  <testcase name="validateAMEXSecurityCode4DigitsPeTest" time="0.0" classname="com.pagosonline.ccutils.validators.CreditCardSecurityCodeValidatorTest">
    <failure type="java.lang.NoClassDefFoundError" message="Could not initialize class com.pagosonline.ccutils.validators.CreditCardValidator">
      <![CDATA[java.lang.NoClassDefFoundError: Could not initialize class com.pagosonline.ccutils.validators.CreditCardValidator
	at com.pagosonline.ccutils.validators.CreditCardSecurityCodeValidatorTest.validateAMEXSecurityCode4DigitsPeTest(CreditCardSecurityCodeValidatorTest.java:82)
	at org.infinitest.testrunner.testng.TestNgRunner.runTest(TestNgRunner.java:82)
	at org.infinitest.testrunner.DefaultRunner.runTest(DefaultRunner.java:60)
	at org.infinitest.testrunner.TestRunnerProcess.runTest(TestRunnerProcess.java:70)
	at org.infinitest.testrunner.TestRunnerProcess.writeTestResultToOutputStream(TestRunnerProcess.java:112)
	at org.infinitest.testrunner.TestRunnerProcess.main(TestRunnerProcess.java:89)
... Removed 21 stack frames]]>
    </failure>
  </testcase> <!-- validateAMEXSecurityCode4DigitsPeTest -->
  <testcase name="validateAMEXSecurityCodeTest" time="0.0" classname="com.pagosonline.ccutils.validators.CreditCardSecurityCodeValidatorTest">
    <failure type="java.lang.NoClassDefFoundError" message="Could not initialize class com.pagosonline.ccutils.validators.CreditCardValidator">
      <![CDATA[java.lang.NoClassDefFoundError: Could not initialize class com.pagosonline.ccutils.validators.CreditCardValidator
	at com.pagosonline.ccutils.validators.CreditCardSecurityCodeValidatorTest.validateAMEXSecurityCodeTest(CreditCardSecurityCodeValidatorTest.java:38)
	at org.infinitest.testrunner.testng.TestNgRunner.runTest(TestNgRunner.java:82)
	at org.infinitest.testrunner.DefaultRunner.runTest(DefaultRunner.java:60)
	at org.infinitest.testrunner.TestRunnerProcess.runTest(TestRunnerProcess.java:70)
	at org.infinitest.testrunner.TestRunnerProcess.writeTestResultToOutputStream(TestRunnerProcess.java:112)
	at org.infinitest.testrunner.TestRunnerProcess.main(TestRunnerProcess.java:89)
... Removed 21 stack frames]]>
    </failure>
  </testcase> <!-- validateAMEXSecurityCodeTest -->
  <testcase name="validateAmexSecurityCode2DigitsPeTest" time="0.0" classname="com.pagosonline.ccutils.validators.CreditCardSecurityCodeValidatorTest">
    <failure type="java.lang.NoClassDefFoundError" message="Could not initialize class com.pagosonline.ccutils.validators.CreditCardValidator">
      <![CDATA[java.lang.NoClassDefFoundError: Could not initialize class com.pagosonline.ccutils.validators.CreditCardValidator
	at com.pagosonline.ccutils.validators.CreditCardSecurityCodeValidatorTest.validateAmexSecurityCode2DigitsPeTest(CreditCardSecurityCodeValidatorTest.java:104)
	at org.infinitest.testrunner.testng.TestNgRunner.runTest(TestNgRunner.java:82)
	at org.infinitest.testrunner.DefaultRunner.runTest(DefaultRunner.java:60)
	at org.infinitest.testrunner.TestRunnerProcess.runTest(TestRunnerProcess.java:70)
	at org.infinitest.testrunner.TestRunnerProcess.writeTestResultToOutputStream(TestRunnerProcess.java:112)
	at org.infinitest.testrunner.TestRunnerProcess.main(TestRunnerProcess.java:89)
... Removed 21 stack frames]]>
    </failure>
  </testcase> <!-- validateAmexSecurityCode2DigitsPeTest -->
  <testcase name="validateVISASecurityCodeTest" time="0.0" classname="com.pagosonline.ccutils.validators.CreditCardSecurityCodeValidatorTest">
    <failure type="java.lang.NoClassDefFoundError" message="Could not initialize class com.pagosonline.ccutils.validators.CreditCardValidator">
      <![CDATA[java.lang.NoClassDefFoundError: Could not initialize class com.pagosonline.ccutils.validators.CreditCardValidator
	at com.pagosonline.ccutils.validators.CreditCardSecurityCodeValidatorTest.validateVISASecurityCodeTest(CreditCardSecurityCodeValidatorTest.java:71)
	at org.infinitest.testrunner.testng.TestNgRunner.runTest(TestNgRunner.java:82)
	at org.infinitest.testrunner.DefaultRunner.runTest(DefaultRunner.java:60)
	at org.infinitest.testrunner.TestRunnerProcess.runTest(TestRunnerProcess.java:70)
	at org.infinitest.testrunner.TestRunnerProcess.writeTestResultToOutputStream(TestRunnerProcess.java:112)
	at org.infinitest.testrunner.TestRunnerProcess.main(TestRunnerProcess.java:89)
... Removed 21 stack frames]]>
    </failure>
  </testcase> <!-- validateVISASecurityCodeTest -->
</testsuite> <!-- Command line test -->
